<?xml version="1.0" encoding="UTF-8" ?>
<testsuite tests="16" failures="0" name="JokeManagerTest" time="0.065" errors="0" skipped="0">
  <properties>
[...]
</properties>
  <testcase classname="JokeManagerTest" name="oneJokeAndDraw" time="0.035"/>
  <testcase classname="JokeManagerTest" name="testStopping" time="0.014"/>
  <testcase classname="JokeManagerTest" name="testAddingAndStopping" time="0.002"/>
  <testcase classname="JokeManagerTest" name="classJokeManagerHasCorrectMethods" time="0"/>
  <testcase classname="JokeManagerTest" name="testPrinting" time="0.001"/>
  <testcase classname="JokeManagerTest" name="printingJokes" time="0.001"/>
  <testcase classname="JokeManagerTest" name="manyJokesAndDraw" time="0.005"/>
  <testcase classname="JokeManagerTest" name="classJokeManagerHasParameterlessConstructor" time="0.001"/>
  <testcase classname="JokeManagerTest" name="classUserInterfaceHasTwoObjectVariables" time="0.001"/>
  <testcase classname="JokeManagerTest" name="noJokesAddedAndDraw" time="0.001"/>
  <testcase classname="JokeManagerTest" name="testDrawing" time="0.001"/>
  <testcase classname="JokeManagerTest" name="classUserInterfaceExists" time="0.001"/>
  <testcase classname="JokeManagerTest" name="classUserInterfaceHasMethodStart" time="0.001"/>
  <testcase classname="JokeManagerTest" name="classJokeManagerExists" time="0"/>
  <testcase classname="JokeManagerTest" name="classUserInterfaceHasConstructorWithTwoParameters" time="0.001"/>
  <testcase classname="JokeManagerTest" name="classJokeManagerOnlyHasOneObjectVariable" time="0"/>
</testsuite>